2026-03-17 15:08:38.515	capture	https://streamtape.com/e/bp7262LazgSJz3/vrtm-493-ub.mp4
2026-03-17 15:08:43.860	capture	https://streamtape.com/get_video?id=bp7262LazgSJz3&expires=1773819317&ip=DxysD0SOKxSHDN&token=k2tUkiDuqr28&stream=1
2026-03-17 15:08:51.579	capture	https://streamtape.com/e/bp7262LazgSJz3/vrtm-493-ub.mp4
2026-03-17 15:08:59.315	download_click	https://streamtape.com/e/bp7262LazgSJz3/vrtm-493-ub.mp4
2026-03-17 15:11:31.670	capture	https://streamtape.com/e/bp7262LazgSJz3/vrtm-493-ub.mp4
2026-03-17 15:11:49.553	download_click	https://streamtape.com/e/bp7262LazgSJz3/vrtm-493-ub.mp4
2026-03-17 15:14:05.510	capture	https://cdn2.turboviplay.com/data/W5ni35ty30spdqgTBHw2/W5ni35ty30spdqgTBHw2.m3u8
2026-03-17 15:14:09.081	capture	https://streamtape.com/e/bp7262LazgSJz3/vrtm-493-ub.mp4
2026-03-17 15:14:15.129	capture	https://streamtape.com/get_video?id=bp7262LazgSJz3&expires=1773819648&ip=DxysD0SOKxSHDN&token=Q1CXoM1RUL4z&stream=1
2026-03-17 15:14:17.420	capture	https://streamtape.com/e/bp7262LazgSJz3/vrtm-493-ub.mp4
2026-03-17 15:14:21.428	capture	https://streamtape.com/get_video?id=bp7262LazgSJz3&expires=1773819656&ip=DxysD0SOKxSHDN&token=WWibtDpxfbYS&stream=1
2026-03-17 15:14:31.301	download_click	https://streamtape.com/get_video?id=bp7262LazgSJz3&expires=1773819656&ip=DxysD0SOKxSHDN&token=WWibtDpxfbYS&stream=1
2026-03-17 15:23:08.916	download_click	https://hls6.turbosplayer.com/file/8835c823-ae26-11f0-a3cf-b42e99c9ae56/master.m3u8
2026-03-17 15:34:42.297	download_click	https://cdn-wkgtlrbhjc1mxcjt.edgeon-bandwidth.com/engine/hls2/01/16606/ovjzbkqkt6fw_,n,.urlset/index-v1-a1.m3u8?t=xBU9cJhwZEqh8ehiZTw8g__fgyDWled2HShey2WF5VM&s=1773750868&e=14400&f=83033638&node=bAtMdGZGqUDwL5VVe4d0gdh3Sp+fJM1VA67mUn2vrz0=&i=89.125&sp=2500&asn=1&q=n&rq=3UUV0CvGS2SlXub7j3RmSzK99ScitpegWDNL3Lu7
2026-03-17 15:47:35.995	download_click	https://cdn-fbueru1cmaqkltsj.edgeon-bandwidth.com/engine/hls2/01/16256/sx5rgt3rmoye_,n,.urlset/index-v1-a1.m3u8?t=FAf_8IoIAICcuOnpGoE8RDIywDKImkN2VRFPWp8HkyM&s=1773751641&e=14400&f=81282110&node=dbpswd6iFgev7SRv5D/vdoXzaRSF+77dxpDZK2V151g=&i=89.125&sp=2500&asn=1&q=n&rq=3UUV0CvGS2SlXub7j3RmSzK99ScitpegWDNL3Lu7
2026-03-17 16:08:49.535	download_click	https://cdn-cpjlg1yzjzxk8qnq.edgeon-bandwidth.com/engine/hls2/01/15660/m3xsolx2jih5_,n,.urlset/index-v1-a1.m3u8?t=1mXT5YV1SoxrTqwbceaMur13WEXPAK3CPjh4ta1WUDc&s=1773752915&e=14400&f=78302582&node=YM8ryRuslUo6jpp1CYW90UlU2A0JmuKOHWDGl2tyb2U=&i=89.125&sp=2500&asn=1&q=n&rq=3UUV0CvGS2SlXub7j3RmSzK99ScitpegWDNL3Lu7
2026-03-17 16:27:49.098	download_click	https://hls5.turbosplayer.com/file/0d8ee607-ae42-11f0-9661-a036bca6dac8/master.m3u8
2026-03-17 16:40:43.826	download_click	https://cdn-wqli8udznhgz3hja.edgeon-bandwidth.com/engine/hls2-c/01/14441/lfgliocjma7a_,n,.urlset/index-v1-a1.m3u8?t=KupWWGOtLGdzJRe1MvgssBlzZVfGG0Rmrta_zGhVv9k&s=1773754829&e=14400&f=72206916&node=9/YfUrcSSltRxRudPemYIkc9gzkqTBAOOy6oaT96arE=&i=89.125&sp=2500&asn=1&q=n&rq=3UUV0CvGS2SlXub7j3RmSzK99ScitpegWDNL3Lu7
2026-03-17 16:56:34.055	download_click	https://cdn-ktmegdtzjuhg1tfn.edgeon-bandwidth.com/engine/hls2/01/12706/zvx63v8uig48_,n,.urlset/index-v1-a1.m3u8?t=quLXrOxF_1rnXGpuz6HiIMNxDlG_ZyLcXBVa9CHPQME&s=1773755779&e=14400&f=63530327&node=f88Mrj+LmWxxrGcBDqcgTBeeCYaGKYgJc0I/71aYJYg=&i=89.125&sp=2500&asn=1&q=n&rq=3UUV0CvGS2SlXub7j3RmSzK99ScitpegWDNL3Lu7
2026-03-17 17:13:10.794	download_click	https://cdn-ldd3nik2yl3ojjan.edgeon-bandwidth.com/engine/hls2/01/12284/psmme9da1c4x_,n,.urlset/index-v1-a1.m3u8?t=V_SPc-oBQbDQvAAeho__jNtyVAnULhl_C5TN2k2wSDA&s=1773756777&e=14400&f=61423151&node=Qk+AsUej9TIMAmZHaiOElMLMYCvonNmxQQZBEr2RcQc=&i=89.125&sp=2500&asn=1&q=n&rq=3UUV0CvGS2SlXub7j3RmSzK99ScitpegWDNL3Lu7
2026-03-17 17:26:21.497	download_click	https://cdn2.turboviplay.com/data/66f387838d3b7/66f387838d3b7.m3u8
2026-03-17 17:28:30.874	download_click	https://cdn2.turboviplay.com/data/66f22efe1b311/66f22efe1b311.m3u8
2026-03-17 17:29:02.682	download_click	https://cdn-34ppf4n1zgx9ubgc.edgeon-bandwidth.com/engine/hls2/01/12263/4e5ujjuc2oqc_,n,.urlset/index-v1-a1.m3u8?t=A7ZmpLGpeuIn-ql6cAMOx7lOwGozV1jj5sJYrMQFCVc&s=1773757728&e=14400&f=61318863&node=gbR2FVWUEnUExeqDx8emmWiNsGleSesjKKTykKt/rL8=&i=89.125&sp=2500&asn=1&q=n&rq=3UUV0CvGS2SlXub7j3RmSzK99ScitpegWDNL3Lu7
